[0;32m[INFO][0m Блокировка получена: PID 50279
[0;32m[INFO][0m Очистка логов старше 2025-06-23
[1;33m[WARNING][0m Модули не найдены
[0;32m[INFO][0m Освобождение блокировки
[0;32m[INFO][0m Блокировка получена: PID 50536
[0;32m[INFO][0m Очистка логов старше 2025-06-23
[0;32m[INFO][0m /home/dizatorr/проекты/ARM-Ansible
[1;33m[WARNING][0m Модули не найдены
[0;32m[INFO][0m Освобождение блокировки
[0;32m[INFO][0m Блокировка получена: PID 50637
[0;32m[INFO][0m Очистка логов старше 2025-06-23
[0;32m[INFO][0m Освобождение блокировки
[0;32m[INFO][0m Блокировка получена: PID 50717
[0;32m[INFO][0m Очистка логов старше 2025-06-23
[0;32m[INFO][0m Освобождение блокировки
[0;32m[INFO][0m Блокировка получена: PID 50765
[0;32m[INFO][0m Очистка логов старше 2025-06-23
[0;32m[INFO][0m Освобождение блокировки
[0;32m[INFO][0m Блокировка получена: PID 50871
[0;32m[INFO][0m Очистка логов старше 2025-06-23
[0;31m[ERROR][0m Не удалось определить имя функции в Приветствие
[0;32m[INFO][0m Освобождение блокировки
[0;32m[INFO][0m Блокировка получена: PID 50937
[0;32m[INFO][0m Очистка логов старше 2025-06-23
[0;31m[ERROR][0m Не удалось определить имя функции в Пример модуля
[0;32m[INFO][0m Освобождение блокировки
[0;32m[INFO][0m Блокировка получена: PID 51008
[0;32m[INFO][0m Очистка логов старше 2025-06-23
[0;32m[INFO][0m Освобождение блокировки
[0;32m[INFO][0m Блокировка получена: PID 51135
[0;32m[INFO][0m Очистка логов старше 2025-06-23
[0;32m[INFO][0m Освобождение блокировки
[0;32m[INFO][0m Блокировка получена: PID 51219
[0;32m[INFO][0m Очистка логов старше 2025-06-23
[0;32m[INFO][0m Освобождение блокировки
